> Task :buildSrc:compileJava NO-SOURCE
> Task :buildSrc:compileGroovy NO-SOURCE
> Task :buildSrc:processResources NO-SOURCE
> Task :buildSrc:classes UP-TO-DATE
> Task :buildSrc:jar UP-TO-DATE
> Task :buildSrc:assemble UP-TO-DATE
> Task :buildSrc:compileTestJava NO-SOURCE
> Task :buildSrc:compileTestGroovy NO-SOURCE
> Task :buildSrc:processTestResources NO-SOURCE
> Task :buildSrc:testClasses UP-TO-DATE
> Task :buildSrc:test NO-SOURCE
> Task :buildSrc:check UP-TO-DATE
> Task :buildSrc:build UP-TO-DATE

> Configure project :
BrazilPlugin was loaded for project 'AWSCloudFormationResourceProvidersTransitGatewayIntegrationTests'
BrazilGradleQualityDefaults plugin loaded for project 'AWSCloudFormationResourceProvidersTransitGatewayIntegrationTests'

> Task :compileJava UP-TO-DATE
> Task :processResources UP-TO-DATE
> Task :classes UP-TO-DATE
> Task :compileTestJava NO-SOURCE
> Task :processTestResources NO-SOURCE
> Task :testClasses UP-TO-DATE

> Task :integ-local

Gradle Test Executor 2 STANDARD_OUT
    ...
    ... TestNG 6.9.5 by Cédric Beust (cedric@beust.com)
    ...


Gradle Test Executor 2 STANDARD_ERROR
    SLF4J: Failed to load class "org.slf4j.impl.StaticLoggerBinder".
    SLF4J: Defaulting to no-operation (NOP) logger implementation
    SLF4J: See http://www.slf4j.org/codes.html#StaticLoggerBinder for further details.

Gradle Test Executor 2 STANDARD_OUT
    us-west-1

Gradle Test Executor 2 STANDARD_ERROR
    log4j:WARN No appenders could be found for logger (com.amazonaws.AmazonWebServiceClient).
    log4j:WARN Please initialize the log4j system properly.

Gradle Test Executor 2 STANDARD_OUT
    us-west-1

TestSuite STANDARD_OUT
    START CLEAN SUITE
    -------THIS IS A BIG DEAL--------
    -------THIS IS A BIG DEAL--------
    -------THIS IS A BIG DEAL--------
    -------THIS IS A BIG DEAL--------
    END CLEAN SUITE

TestSuite > AWSCloudFormationResourceProvidersTransitGatewayIntegrationTests STANDARD_OUT
    [TestRunner] Starting executor for test AWSCloudFormationResourceProvidersTransitGatewayIntegrationTests with time out:2147483647 milliseconds.
    Before test-method. Thread id is: 17
    Before test-method. Thread id is: 20
    Before test-method. Thread id is: 18
    Before test-method. Thread id is: 16
    Before test-method. Thread id is: 19

TestSuite > AWSCloudFormationResourceProvidersTransitGatewayIntegrationTests > com.aws.ec2.cfnregistry.integration.resources.TransitGateway.IntegrationTests.updateStack STANDARD_OUT
    us-west-1
    Test:: TransitGateway-invoke0 :: ThreadID:16
    Test:: TransitGateway-invoke0 :: ThreadID:18
    Test:: TransitGateway-invoke0 :: ThreadID:20
    Test:: TransitGateway-invoke0 :: ThreadID:19
    this.createParametersForUpdateStackTest()

TestSuite > AWSCloudFormationResourceProvidersTransitGatewayIntegrationTests STANDARD_OUT
    {Description=Created Value, AutoAcceptSharedAttachments=disable, TagValue1=Tag value 1 created, TagKey1=Tag Key 1 created}
    this.updateParametersForUpdateStackTest()
    {Description=Updated Value, AutoAcceptSharedAttachments=enable, TagValue1=Tag value 1 updated, TagKey1=Tag Key 1 updated}
    After test-method. Thread id is: 17
    START createStackTest
    START createStackTest
    START deleteStackAfterExternalDeleteTest
    START updateStackTest
    createParameters
    {Description=Created Value, AutoAcceptSharedAttachments=disable, TagValue1=Tag value 1 created, TagKey1=Tag Key 1 created}
    updateParameters
    {Description=Updated Value, AutoAcceptSharedAttachments=enable, TagValue1=Tag value 1 updated, TagKey1=Tag Key 1 updated}
    STACK INITIATED
    STACK INITIATED
    com.aws.ec2.cfnregistry.integration.resources.StackUtility@43959a02
    STACK INITIATED
    com.aws.ec2.cfnregistry.integration.resources.StackUtility@2fec4c30
    com.aws.ec2.cfnregistry.integration.resources.StackUtility@66ef48d8
    STACK INITIATED
    com.aws.ec2.cfnregistry.integration.resources.StackUtility@389570ad
    Parameters for template
    {Description=Created Value, AutoAcceptSharedAttachments=disable, TagValue1=Tag value 1 created, TagKey1=Tag Key 1 created}
    Template
    AWSTemplateFormatVersion: 2010-09-09
    Description: 'TransitGateway template'
    Parameters:
      Description:
        Type: String
        Default: TGW multiple tags test
      AutoAcceptSharedAttachments:
        Type: String
        Default: disable
      TagKey1:
        Type: String
        Default: TagKey1
      TagValue1:
        Type: String
        Default: TagValue1
    Resources:
      TransitGateway:
        Type: 'AWS::EC2::TransitGateway'
        Properties:
          Description: !Ref Description
          AutoAcceptSharedAttachments: !Ref AutoAcceptSharedAttachments
          DefaultRouteTableAssociation: enable
          DnsSupport: enable
          VpnEcmpSupport: disable
          AmazonSideAsn: 65514
          Tags:
            - Key: !Ref TagKey1
              Value: !Ref TagValue1
    Outputs:
      TransitGatewayId:
        Value: !GetAtt TransitGateway.Id
    STACK CREATED
    arn:aws:cloudformation:us-west-1:164459928424:stack/TransitGateway-deleteStackTest-2021-01-14-13-46-14-167-470177/c75e0ee0-5698-11eb-8fe0-06e868fbd92f
    assertCreateStackCompletes
    STACK CREATED
    arn:aws:cloudformation:us-west-1:164459928424:stack/TransitGateway-createStackTest-2021-01-14-13-46-14-167-369029/c75e35f0-5698-11eb-99b2-02aeb85e8493
    assertCreateStackCompletes
    STACK CREATED
    arn:aws:cloudformation:us-west-1:164459928424:stack/TransitGateway-deleteStackAfterExternalDeleteTest-2021-01-14-13-46-14-167-239033/c75d4b90-5698-11eb-9093-06480d63bae1
    assertCreateStackCompletes
    STACK CREATED
    arn:aws:cloudformation:us-west-1:164459928424:stack/TransitGateway-updateStackTest-2021-01-14-13-46-14-170-256353/c76a9200-5698-11eb-bd5b-02917f263091
    assertCreateStackCompletes
    assertDeleteStackCompletes
    STACK OUTPUTS
    deleteResource
    {TransitGatewayId=tgw-0fcd77c744f686b80}
    ensureStackDeletesQuietly
    {TransitGatewayId=tgw-0abfc4f279c373938}
    assertDeleteStackCompletes
    CREATE ORIGINAL STACK
    createdStackOutputs
    {TransitGatewayId=tgw-0fad2624e3c8ae7f7}
    createdResourceValues
    {Description=Created Value, AutoAcceptSharedAttachments=disable, TagValue1=Tag value 1 created, TagKey1=Tag Key 1 created}
    createdResourceId
    tgw-0fad2624e3c8ae7f7
    CREATE UPDATED STACK
    assertCreateStackCompletes
    END deleteStackTest
    After test-method. Thread id is: 18
    END createStackTest
    After test-method. Thread id is: 16
    ensureStackDeletesQuietly
    END deleteStackAfterExternalDeleteTest
    After test-method. Thread id is: 19
    UPDATED STACK CREATED
    updatedResourceValues
    {Description=Updated Value, AutoAcceptSharedAttachments=enable, TagValue1=Tag value 1 updated, TagKey1=Tag Key 1 updated}
    updatedStackOutputs
    {TransitGatewayId=tgw-03ee18cb587bb64db}
    updatedResourceId
    tgw-03ee18cb587bb64db
    ensureStackDeletesQuietly
    END updateStackTest
    After test-method. Thread id is: 20
    PASSED: createStackAfterResourceExistsFromAnotherStack
    PASSED: deleteStack
    PASSED: createStack
    PASSED: deleteStackAfterExternalDelete
    PASSED: updateStack

    ===============================================
        AWSCloudFormationResourceProvidersTransitGatewayIntegrationTests
        Tests run: 5, Failures: 0, Skips: 0
    ===============================================


Gradle Test Executor 2 STANDARD_OUT
    [TestNG] Time taken by org.testng.reporters.EmailableReporter2@30b29285: 10 ms
    [TestNG] Time taken by org.testng.reporters.JUnitReportReporter@2dd1127: 8 ms
    [TestNG] Time taken by org.testng.reporters.SuiteHTMLReporter@6e96ec7a: 80 ms
    [TestNG] Time taken by [FailedReporter passed=0 failed=0 skipped=0]: 1 ms
    [TestNG] Time taken by org.testng.reporters.XMLReporter@567b3fe7: 15 ms
    [TestNG] Time taken by org.testng.reporters.jq.Main@78d1a02c: 60 ms

BUILD SUCCESSFUL in 7m 20s
3 actionable tasks: 1 executed, 2 up-to-date
