> Task :buildSrc:compileJava NO-SOURCE
> Task :buildSrc:compileGroovy NO-SOURCE
> Task :buildSrc:processResources NO-SOURCE
> Task :buildSrc:classes UP-TO-DATE
> Task :buildSrc:jar UP-TO-DATE
> Task :buildSrc:assemble UP-TO-DATE
> Task :buildSrc:compileTestJava NO-SOURCE
> Task :buildSrc:compileTestGroovy NO-SOURCE
> Task :buildSrc:processTestResources NO-SOURCE
> Task :buildSrc:testClasses UP-TO-DATE
> Task :buildSrc:test NO-SOURCE
> Task :buildSrc:check UP-TO-DATE
> Task :buildSrc:build UP-TO-DATE

> Configure project :
BrazilPlugin was loaded for project 'AWSCloudFormationResourceProvidersTransitGatewayIntegrationTests'
BrazilGradleQualityDefaults plugin loaded for project 'AWSCloudFormationResourceProvidersTransitGatewayIntegrationTests'

> Task :compileJava UP-TO-DATE
> Task :processResources UP-TO-DATE
> Task :classes UP-TO-DATE
> Task :compileTestJava NO-SOURCE
> Task :processTestResources NO-SOURCE
> Task :testClasses UP-TO-DATE

> Task :integ-local

Gradle Test Executor 2 STANDARD_OUT
    ...
    ... TestNG 6.9.5 by Cédric Beust (cedric@beust.com)
    ...


Gradle Test Executor 2 STANDARD_ERROR
    SLF4J: Failed to load class "org.slf4j.impl.StaticLoggerBinder".
    SLF4J: Defaulting to no-operation (NOP) logger implementation
    SLF4J: See http://www.slf4j.org/codes.html#StaticLoggerBinder for further details.

Gradle Test Executor 2 STANDARD_OUT
    eu-west-2

Gradle Test Executor 2 STANDARD_ERROR
    log4j:WARN No appenders could be found for logger (com.amazonaws.AmazonWebServiceClient).
    log4j:WARN Please initialize the log4j system properly.

Gradle Test Executor 2 STANDARD_OUT
    eu-west-2

TestSuite STANDARD_OUT
    START CLEAN SUITE
    -------THIS IS A BIG DEAL--------
    END CLEAN SUITE

TestSuite > AWSCloudFormationResourceProvidersTransitGatewayIntegrationTests STANDARD_OUT
    [TestRunner] Starting executor for test AWSCloudFormationResourceProvidersTransitGatewayIntegrationTests with time out:2147483647 milliseconds.
    Before test-method. Thread id is: 19
    Before test-method. Thread id is: 18
    Before test-method. Thread id is: 16
    Before test-method. Thread id is: 20
    Before test-method. Thread id is: 17

TestSuite > AWSCloudFormationResourceProvidersTransitGatewayIntegrationTests > com.aws.ec2.cfnregistry.integration.resources.TransitGatewayMulticastDomainAssociation.IntegrationTests.createStack STANDARD_OUT
    eu-west-2
    Test:: TransitGatewayMulticastDomainAssociation-invoke0 :: ThreadID:18
    Test:: TransitGatewayMulticastDomainAssociation-invoke0 :: ThreadID:16
    Test:: TransitGatewayMulticastDomainAssociation-invoke0 :: ThreadID:19
    Test:: TransitGatewayMulticastDomainAssociation-invoke0 :: ThreadID:17

TestSuite > AWSCloudFormationResourceProvidersTransitGatewayIntegrationTests STANDARD_OUT
    After test-method. Thread id is: 20
    START createStackTest
    START createStackTest
    START deleteStackAfterExternalDeleteTest
    START createStackAfterResourceExistsFromAnotherStackTest
    STACK INITIATED
    STACK INITIATED
    STACK INITIATED
    com.aws.ec2.cfnregistry.integration.resources.StackUtility@70358a8a
    com.aws.ec2.cfnregistry.integration.resources.StackUtility@7f0821e8
    com.aws.ec2.cfnregistry.integration.resources.StackUtility@14576f93
    STACK INITIATED
    com.aws.ec2.cfnregistry.integration.resources.StackUtility@b363f58
    DUPLICATE STACK INITIATED
    com.aws.ec2.cfnregistry.integration.resources.StackUtility@5426a450
    STACK CREATED
    arn:aws:cloudformation:eu-west-2:164459928424:stack/TransitGatewayMulticastDomainAssociation-createStackAfterResourceExistsFromAnotherStackTest-2021-01-14-13-49-12-071-133625/3143bd00-5699-11eb-99d7-02c9a43920a6
    STACK CREATED
    arn:aws:cloudformation:eu-west-2:164459928424:stack/TransitGatewayMulticastDomainAssociation-deleteStackAfterExternalDeleteTest-2021-01-14-13-49-12-070-450812/31844870-5699-11eb-839f-02f77dc553ac
    assertCreateStackCompletes
    STACK CREATED
    arn:aws:cloudformation:eu-west-2:164459928424:stack/TransitGatewayMulticastDomainAssociation-createStackTest-2021-01-14-13-49-12-070-284675/31849690-5699-11eb-a18d-0226e4e68a80
    assertCreateStackCompletes
    STACK CREATED
    arn:aws:cloudformation:eu-west-2:164459928424:stack/TransitGatewayMulticastDomainAssociation-deleteStackTest-2021-01-14-13-49-12-070-192702/31846f80-5699-11eb-8833-065c26bf4272
    assertCreateStackCompletes
    assertDeleteStackCompletes
    STACK OUTPUTS
    deleteResource
    {TransitGatewayId=tgw-0ce0ff975ceea3d0f, VpcId=vpc-01f3dd5131fa4e1b6, TransitGatewayMulticastDomainAssociationId=tgw-mcast-domain-0f78b7c5396be92f1|tgw-attach-05c40ab220c5675c4|subnet-0729ee856f1be1a47, SubnetId=subnet-0729ee856f1be1a47, TransitGatewayMulticastDomainId=tgw-mcast-domain-0f78b7c5396be92f1, TransitGatewayAttachmentId=tgw-attach-05c40ab220c5675c4}
    ensureStackDeletesQuietly
    {TransitGatewayId=tgw-020f56ef8380d0cd2, VpcId=vpc-0e475f0a4606f1df2, TransitGatewayMulticastDomainAssociationId=tgw-mcast-domain-06a20b75caf9537c7|tgw-attach-03014bf51468e595d|subnet-0034f6ba63f1d43d7, SubnetId=subnet-0034f6ba63f1d43d7, TransitGatewayMulticastDomainId=tgw-mcast-domain-06a20b75caf9537c7, TransitGatewayAttachmentId=tgw-attach-03014bf51468e595d}
    assertDeleteStackCompletes
    parametersForOutOfBandCreateTest
    {TransitGatewayId=tgw-0d6391c5ef4f3c2d9, VpcId=vpc-0f4b464e37ecef11f, TransitGatewayMulticastDomainAssociationId=tgw-mcast-domain-06dd491b39c83fa47|tgw-attach-0b514ab650543f1e2|subnet-000b5558bb3e14e52, SubnetId=subnet-000b5558bb3e14e52, TransitGatewayMulticastDomainId=tgw-mcast-domain-06dd491b39c83fa47, TransitGatewayAttachmentId=tgw-attach-0b514ab650543f1e2}
    transformed parametersForOutOfBandCreateTest
    {TransitGatewayMulticastDomainId=tgw-mcast-domain-06dd491b39c83fa47, SubnetId=subnet-000b5558bb3e14e52, TransitGatewayAttachmentId=tgw-attach-0b514ab650543f1e2}
    Parameters for template
    {TransitGatewayMulticastDomainId=tgw-mcast-domain-06dd491b39c83fa47, SubnetId=subnet-000b5558bb3e14e52, TransitGatewayAttachmentId=tgw-attach-0b514ab650543f1e2}
    Template
    AWSTemplateFormatVersion: 2010-09-09
    Description: TGWMulticastDomainGroupMember invalid duplicate creation test template
    Parameters:
      SubnetId:
        Type: String
        Default: 224.0.0.0
      TransitGatewayAttachmentId:
        Type: String
        Default: eni-0a35d87c08d3305da
      TransitGatewayMulticastDomainId:
        Type: String
        Default: tgw-mcast-domain-0a27c25353740a532
    Resources:
      TransitGatewayMulticastDomainAssociation:
        Type: 'AWS::EC2::TransitGatewayMulticastDomainAssociation'
        Properties:
          TransitGatewayMulticastDomainId: !Ref TransitGatewayMulticastDomainId
          TransitGatewayAttachmentId: !Ref TransitGatewayAttachmentId
          SubnetId: !Ref SubnetId

    DUPLICATE STACK CREATED
    arn:aws:cloudformation:eu-west-2:164459928424:stack/TransitGatewayMulticastDomainAssociation-createStackAfterResourceExistsFromAnotherStackTest-2021-01-14-13-49-12-071-207795/cafc4ed0-5699-11eb-8e21-0aad80cb4966
    assertCreateStackFails
    ensureStackDeletesQuietly
    END createStackAfterResourceExistsFromAnotherStackTest
    After test-method. Thread id is: 17
    END deleteStackTest
    After test-method. Thread id is: 18
    END createStackTest
    After test-method. Thread id is: 16
    ensureStackDeletesQuietly
    END deleteStackAfterExternalDeleteTest
    After test-method. Thread id is: 19
    PASSED: updateStack
    PASSED: createStackAfterResourceExistsFromAnotherStack
    PASSED: deleteStack
    PASSED: createStack
    PASSED: deleteStackAfterExternalDelete

    ===============================================
        AWSCloudFormationResourceProvidersTransitGatewayIntegrationTests
        Tests run: 5, Failures: 0, Skips: 0
    ===============================================


Gradle Test Executor 2 STANDARD_OUT
    [TestNG] Time taken by org.testng.reporters.jq.Main@46e1bbe1: 85 ms
    [TestNG] Time taken by [FailedReporter passed=0 failed=0 skipped=0]: 0 ms
    [TestNG] Time taken by org.testng.reporters.XMLReporter@9470cf5: 6 ms
    [TestNG] Time taken by org.testng.reporters.EmailableReporter2@5eed72ea: 4 ms
    [TestNG] Time taken by org.testng.reporters.SuiteHTMLReporter@3360f6d8: 46 ms
    [TestNG] Time taken by org.testng.reporters.JUnitReportReporter@7a445098: 5 ms

BUILD SUCCESSFUL in 8m 4s
3 actionable tasks: 1 executed, 2 up-to-date
